10 50 923
10 51 915
10 52 906
10 53 898
10 54 892
10 55 882
10 56 875
10 57 863
10 58 857
10 59 847
10 60 839
10 61 830
10 62 822
10 63 812
10 64 801
10 65 794
10 66 790
10 67 783
10 68 774
10 69 773
10 70 768
10 71 760
10 72 755
10 73 753
10 74 749
10 75 747
10 76 740
10 77 736
10 78 732
10 79 729
10 80 717
10 81 710
10 82 705
10 83 701
10 84 697
10 85 692
10 86 689
10 87 686
10 88 682
10 89 681
10 90 677
10 91 673
10 92 667
10 93 660
10 94 656
10 95 656
10 96 651
10 97 649
10 98 644
10 99 642
10 100 637
10 101 632
10 102 628
10 103 615
10 104 612
10 105 608
10 106 605
10 107 601
10 108 597
10 109 595
10 110 589
10 111 585
10 112 585
10 113 579
10 114 574
10 115 574
10 116 568
10 117 564
10 118 561
10 119 557
10 120 552
10 121 550
10 122 546
10 123 540
10 124 538
10 125 535
10 126 533
10 127 533
10 128 532
10 129 526
10 130 523
10 131 522
10 132 519
10 133 517
10 134 514
10 135 513
10 136 513
10 137 510
10 138 502
10 139 502
10 140 502
10 141 500
10 142 498
10 143 497
10 144 496
10 145 493
10 146 488
10 147 485
10 148 485
10 149 484
10 150 481
20 50 1485
20 51 1467
20 52 1452
20 53 1435
20 54 1417
20 55 1391
20 56 1375
20 57 1360
20 58 1339
20 59 1326
20 60 1306
20 61 1293
20 62 1281
20 63 1271
20 64 1249
20 65 1235
20 66 1219
20 67 1203
20 68 1185
20 69 1171
20 70 1149
20 71 1141
20 72 1125
20 73 1114
20 74 1106
20 75 1091
20 76 1083
20 77 1071
20 78 1055
20 79 1047
20 80 1033
20 81 1021
20 82 1011
20 83 1006
20 84 996
20 85 987
20 86 980
20 87 968
20 88 960
20 89 943
20 90 928
20 91 922
20 92 913
20 93 900
20 94 888
20 95 877
20 96 870
20 97 861
20 98 853
20 99 847
20 100 836
20 101 824
20 102 819
20 103 809
20 104 804
20 105 797
20 106 787
20 107 779
20 108 770
20 109 762
20 110 757
20 111 751
20 112 745
20 113 742
20 114 740
20 115 733
20 116 730
20 117 722
20 118 716
20 119 711
20 120 703
20 121 699
20 122 690
20 123 685
20 124 677
20 125 672
20 126 668
20 127 664
20 128 659
20 129 654
20 130 646
20 131 641
20 132 637
20 133 631
20 134 629
20 135 620
20 136 616
20 137 611
20 138 602
20 139 596
20 140 593
20 141 590
20 142 587
20 143 585
20 144 581
20 145 575
20 146 573
20 147 568
20 148 564
20 149 561
20 150 558
30 50 996
30 51 1005
30 52 1013
30 53 1010
30 54 1015
30 55 1020
30 56 1026
30 57 1025
30 58 1028
30 59 1032
30 60 1032
30 61 1036
30 62 1041
30 63 1035
30 64 1035
30 65 1033
30 66 1023
30 67 1021
30 68 1022
30 69 1025
30 70 1019
30 71 1013
30 72 1006
30 73 999
30 74 1001
30 75 996
30 76 996
30 77 1001
30 78 997
30 79 985
30 80 977
30 81 969
30 82 968
30 83 965
30 84 965
30 85 956
30 86 945
30 87 946
30 88 936
30 89 927
30 90 921
30 91 911
30 92 910
30 93 897
30 94 889
30 95 881
30 96 874
30 97 871
30 98 867
30 99 862
30 100 858
30 101 847
30 102 843
30 103 839
30 104 836
30 105 835
30 106 831
30 107 822
30 108 817
30 109 814
30 110 808
30 111 797
30 112 791
30 113 785
30 114 776
30 115 772
30 116 767
30 117 760
30 118 753
30 119 751
30 120 744
30 121 738
30 122 732
30 123 731
30 124 725
30 125 718
30 126 716
30 127 712
30 128 705
30 129 699
30 130 690
30 131 686
30 132 678
30 133 669
30 134 660
30 135 656
30 136 650
30 137 648
30 138 646
30 139 642
30 140 642
30 141 637
30 142 634
30 143 626
30 144 618
30 145 615
30 146 610
30 147 607
30 148 604
30 149 603
30 150 600
40 50 1338
40 51 1339
40 52 1343
40 53 1341
40 54 1339
40 55 1341
40 56 1337
40 57 1340
40 58 1340
40 59 1332
40 60 1324
40 61 1317
40 62 1309
40 63 1301
40 64 1297
40 65 1280
40 66 1275
40 67 1270
40 68 1256
40 69 1250
40 70 1244
40 71 1238
40 72 1224
40 73 1218
40 74 1215
40 75 1207
40 76 1200
40 77 1193
40 78 1185
40 79 1168
40 80 1160
40 81 1145
40 82 1138
40 83 1124
40 84 1117
40 85 1108
40 86 1090
40 87 1075
40 88 1066
40 89 1066
40 90 1052
40 91 1039
40 92 1035
40 93 1029
40 94 1024
40 95 1017
40 96 1011
40 97 1001
40 98 989
40 99 979
40 100 970
40 101 966
40 102 954
40 103 942
40 104 930
40 105 924
40 106 920
40 107 915
40 108 910
40 109 898
40 110 891
40 111 880
40 112 861
40 113 854
40 114 845
40 115 840
40 116 832
40 117 830
40 118 821
40 119 812
40 120 806
40 121 804
40 122 801
40 123 795
40 124 786
40 125 778
40 126 766
40 127 762
40 128 757
40 129 753
40 130 745
40 131 738
40 132 731
40 133 726
40 134 720
40 135 716
40 136 710
40 137 705
40 138 699
40 139 690
40 140 683
40 141 675
40 142 669
40 143 667
40 144 660
40 145 651
40 146 648
40 147 640
40 148 635
40 149 633
40 150 623
50 50 866
50 51 871
50 52 883
50 53 894
50 54 904
50 55 926
50 56 945
50 57 955
50 58 969
50 59 975
50 60 983
50 61 988
50 62 987
50 63 991
50 64 1005
50 65 1011
50 66 1014
50 67 1014
50 68 1025
50 69 1028
50 70 1033
50 71 1034
50 72 1041
50 73 1038
50 74 1030
50 75 1034
50 76 1030
50 77 1027
50 78 1027
50 79 1024
50 80 1032
50 81 1036
50 82 1036
50 83 1026
50 84 1019
50 85 1013
50 86 1011
50 87 1008
50 88 1007
50 89 1001
50 90 1002
50 91 1000
50 92 996
50 93 992
50 94 988
50 95 975
50 96 972
50 97 969
50 98 969
50 99 964
50 100 958
50 101 947
50 102 943
50 103 935
50 104 933
50 105 930
50 106 922
50 107 913
50 108 909
50 109 904
50 110 902
50 111 894
50 112 889
50 113 883
50 114 877
50 115 872
50 116 862
50 117 860
50 118 852
50 119 847
50 120 841
50 121 838
50 122 829
50 123 824
50 124 815
50 125 817
50 126 815
50 127 812
50 128 803
50 129 799
50 130 790
50 131 783
50 132 779
50 133 774
50 134 766
50 135 758
50 136 761
50 137 754
50 138 744
50 139 736
50 140 729
50 141 726
50 142 721
50 143 715
50 144 707
50 145 705
50 146 700
50 147 698
50 148 696
50 149 696
50 150 689
60 50 1150
60 51 1166
60 52 1174
60 53 1175
60 54 1182
60 55 1185
60 56 1194
60 57 1202
60 58 1211
60 59 1203
60 60 1210
60 61 1207
60 62 1213
60 63 1223
60 64 1219
60 65 1230
60 66 1232
60 67 1234
60 68 1235
60 69 1228
60 70 1226
60 71 1223
60 72 1225
60 73 1225
60 74 1223
60 75 1219
60 76 1225
60 77 1225
60 78 1211
60 79 1208
60 80 1199
60 81 1182
60 82 1180
60 83 1172
60 84 1165
60 85 1151
60 86 1138
60 87 1139
60 88 1131
60 89 1129
60 90 1119
60 91 1117
60 92 1109
60 93 1101
60 94 1096
60 95 1086
60 96 1075
60 97 1066
60 98 1062
60 99 1054
60 100 1048
60 101 1036
60 102 1029
60 103 1024
60 104 1015
60 105 1005
60 106 997
60 107 996
60 108 990
60 109 984
60 110 982
60 111 972
60 112 961
60 113 963
60 114 959
60 115 953
60 116 936
60 117 927
60 118 912
60 119 906
60 120 896
60 121 889
60 122 884
60 123 881
60 124 876
60 125 868
60 126 858
60 127 847
60 128 839
60 129 827
60 130 820
60 131 817
60 132 811
60 133 803
60 134 788
60 135 778
60 136 780
60 137 771
60 138 763
60 139 760
60 140 757
60 141 748
60 142 741
60 143 733
60 144 731
60 145 724
60 146 715
60 147 713
60 148 710
60 149 702
60 150 698
70 50 874
70 51 894
70 52 912
70 53 914
70 54 915
70 55 924
70 56 933
70 57 944
70 58 949
70 59 959
70 60 969
70 61 969
70 62 988
70 63 1004
70 64 1012
70 65 1022
70 66 1027
70 67 1033
70 68 1038
70 69 1038
70 70 1039
70 71 1040
70 72 1045
70 73 1046
70 74 1058
70 75 1060
70 76 1067
70 77 1061
70 78 1059
70 79 1055
70 80 1057
70 81 1050
70 82 1048
70 83 1048
70 84 1049
70 85 1049
70 86 1049
70 87 1041
70 88 1038
70 89 1036
70 90 1027
70 91 1025
70 92 1023
70 93 1012
70 94 1007
70 95 1000
70 96 994
70 97 985
70 98 976
70 99 966
70 100 968
70 101 963
70 102 961
70 103 957
70 104 952
70 105 951
70 106 945
70 107 943
70 108 943
70 109 942
70 110 934
70 111 931
70 112 919
70 113 914
70 114 910
70 115 896
70 116 890
70 117 883
70 118 877
70 119 873
70 120 865
70 121 865
70 122 851
70 123 850
70 124 843
70 125 833
70 126 827
70 127 825
70 128 822
70 129 815
70 130 811
70 131 809
70 132 801
70 133 792
70 134 786
70 135 778
70 136 777
70 137 769
70 138 763
70 139 754
70 140 749
70 141 745
70 142 738
70 143 732
70 144 728
70 145 722
70 146 713
70 147 708
70 148 701
70 149 695
70 150 692
80 50 1034
80 51 1048
80 52 1060
80 53 1074
80 54 1079
80 55 1085
80 56 1092
80 57 1101
80 58 1118
80 59 1134
80 60 1135
80 61 1147
80 62 1151
80 63 1163
80 64 1167
80 65 1167
80 66 1165
80 67 1172
80 68 1168
80 69 1168
80 70 1171
80 71 1179
80 72 1176
80 73 1177
80 74 1194
80 75 1195
80 76 1188
80 77 1188
80 78 1178
80 79 1181
80 80 1172
80 81 1169
80 82 1164
80 83 1165
80 84 1155
80 85 1143
80 86 1131
80 87 1124
80 88 1121
80 89 1118
80 90 1110
80 91 1103
80 92 1101
80 93 1092
80 94 1092
80 95 1085
80 96 1086
80 97 1077
80 98 1071
80 99 1062
80 100 1055
80 101 1049
80 102 1043
80 103 1035
80 104 1030
80 105 1023
80 106 1019
80 107 1009
80 108 1009
80 109 1003
80 110 997
80 111 986
80 112 982
80 113 979
80 114 971
80 115 965
80 116 955
80 117 952
80 118 944
80 119 932
80 120 924
80 121 918
80 122 912
80 123 905
80 124 898
80 125 893
80 126 882
80 127 879
80 128 861
80 129 853
80 130 850
80 131 844
80 132 835
80 133 832
80 134 833
80 135 829
80 136 826
80 137 820
80 138 811
80 139 802
80 140 793
80 141 789
80 142 784
80 143 774
80 144 767
80 145 758
80 146 754
80 147 749
80 148 742
80 149 740
80 150 730
90 50 800
90 51 816
90 52 830
90 53 849
90 54 854
90 55 867
90 56 883
90 57 892
90 58 903
90 59 917
90 60 935
90 61 947
90 62 955
90 63 969
90 64 980
90 65 984
90 66 993
90 67 999
90 68 996
90 69 1004
90 70 1014
90 71 1021
90 72 1034
90 73 1042
90 74 1043
90 75 1040
90 76 1050
90 77 1059
90 78 1058
90 79 1059
90 80 1060
90 81 1058
90 82 1074
90 83 1079
90 84 1075
90 85 1073
90 86 1079
90 87 1075
90 88 1074
90 89 1061
90 90 1064
90 91 1056
90 92 1053
90 93 1049
90 94 1048
90 95 1039
90 96 1033
90 97 1028
90 98 1023
90 99 1021
90 100 1015
90 101 1012
90 102 1001
90 103 997
90 104 994
90 105 993
90 106 997
90 107 989
90 108 986
90 109 976
90 110 973
90 111 965
90 112 959
90 113 953
90 114 948
90 115 943
90 116 932
90 117 928
90 118 921
90 119 911
90 120 907
90 121 899
90 122 898
90 123 891
90 124 885
90 125 878
90 126 874
90 127 870
90 128 870
90 129 858
90 130 846
90 131 838
90 132 839
90 133 832
90 134 826
90 135 827
90 136 821
90 137 814
90 138 806
90 139 800
90 140 792
90 141 784
90 142 775
90 143 767
90 144 759
90 145 753
90 146 744
90 147 739
90 148 730
90 149 726
90 150 725
100 50 944
100 51 962
100 52 980
100 53 991
100 54 1005
100 55 1026
100 56 1026
100 57 1037
100 58 1049
100 59 1071
100 60 1081
100 61 1092
100 62 1108
100 63 1117
100 64 1123
100 65 1127
100 66 1147
100 67 1148
100 68 1153
100 69 1146
100 70 1151
100 71 1151
100 72 1158
100 73 1153
100 74 1151
100 75 1152
100 76 1156
100 77 1152
100 78 1155
100 79 1151
100 80 1153
100 81 1157
100 82 1154
100 83 1148
100 84 1147
100 85 1138
100 86 1129
100 87 1130
100 88 1129
100 89 1122
100 90 1116
100 91 1112
100 92 1109
100 93 1108
100 94 1106
100 95 1095
100 96 1094
100 97 1090
100 98 1082
100 99 1081
100 100 1075
100 101 1065
100 102 1054
100 103 1049
100 104 1047
100 105 1040
100 106 1029
100 107 1026
100 108 1019
100 109 1012
100 110 1007
100 111 999
100 112 985
100 113 980
100 114 968
100 115 962
100 116 949
100 117 944
100 118 939
100 119 936
100 120 928
100 121 920
100 122 918
100 123 911
100 124 903
100 125 894
100 126 895
100 127 885
100 128 875
100 129 871
100 130 865
100 131 862
100 132 856
100 133 854
100 134 844
100 135 841
100 136 834
100 137 825
100 138 822
100 139 811
100 140 809
100 141 806
100 142 804
100 143 796
100 144 787
100 145 780
100 146 778
100 147 773
100 148 768
100 149 764
100 150 762
110 50 782
110 51 805
110 52 823
110 53 837
110 54 849
110 55 860
110 56 873
110 57 887
110 58 901
110 59 912
110 60 920
110 61 928
110 62 941
110 63 948
110 64 971
110 65 986
110 66 997
110 67 1003
110 68 1010
110 69 1011
110 70 1017
110 71 1022
110 72 1033
110 73 1040
110 74 1044
110 75 1053
110 76 1056
110 77 1061
110 78 1058
110 79 1056
110 80 1058
110 81 1072
110 82 1075
110 83 1072
110 84 1073
110 85 1065
110 86 1057
110 87 1062
110 88 1058
110 89 1070
110 90 1067
110 91 1059
110 92 1061
110 93 1054
110 94 1059
110 95 1054
110 96 1052
110 97 1049
110 98 1050
110 99 1043
110 100 1039
110 101 1025
110 102 1016
110 103 1013
110 104 1009
110 105 1004
110 106 1003
110 107 996
110 108 988
110 109 987
110 110 980
110 111 974
110 112 974
110 113 970
110 114 965
110 115 964
110 116 956
110 117 959
110 118 950
110 119 941
110 120 933
110 121 931
110 122 923
110 123 905
110 124 891
110 125 888
110 126 882
110 127 877
110 128 868
110 129 859
110 130 855
110 131 849
110 132 845
110 133 839
110 134 834
110 135 824
110 136 818
110 137 816
110 138 812
110 139 807
110 140 801
110 141 791
110 142 784
110 143 779
110 144 777
110 145 771
110 146 763
110 147 759
110 148 756
110 149 755
110 150 753
120 50 866
120 51 880
120 52 894
120 53 901
120 54 915
120 55 936
120 56 954
120 57 973
120 58 994
120 59 998
120 60 1017
120 61 1037
120 62 1038
120 63 1050
120 64 1062
120 65 1069
120 66 1083
120 67 1096
120 68 1107
120 69 1112
120 70 1110
120 71 1115
120 72 1125
120 73 1128
120 74 1137
120 75 1139
120 76 1141
120 77 1135
120 78 1141
120 79 1140
120 80 1151
120 81 1155
120 82 1154
120 83 1159
120 84 1155
120 85 1149
120 86 1142
120 87 1139
120 88 1138
120 89 1140
120 90 1140
120 91 1135
120 92 1137
120 93 1135
120 94 1126
120 95 1126
120 96 1115
120 97 1107
120 98 1103
120 99 1096
120 100 1095
120 101 1090
120 102 1083
120 103 1084
120 104 1074
120 105 1069
120 106 1063
120 107 1065
120 108 1050
120 109 1045
120 110 1038
120 111 1032
120 112 1027
120 113 1023
120 114 1019
120 115 1011
120 116 1000
120 117 994
120 118 990
120 119 983
120 120 972
120 121 963
120 122 961
120 123 950
120 124 942
120 125 934
120 126 933
120 127 923
120 128 915
120 129 912
120 130 898
120 131 897
120 132 888
120 133 876
120 134 869
120 135 865
120 136 860
120 137 858
120 138 849
120 139 841
120 140 839
120 141 833
120 142 825
120 143 818
120 144 817
120 145 811
120 146 803
120 147 788
120 148 779
120 149 774
120 150 771
130 50 742
130 51 762
130 52 778
130 53 795
130 54 815
130 55 829
130 56 845
130 57 860
130 58 861
130 59 868
130 60 891
130 61 912
130 62 919
130 63 924
130 64 939
130 65 963
130 66 979
130 67 1001
130 68 1009
130 69 1022
130 70 1027
130 71 1030
130 72 1042
130 73 1045
130 74 1044
130 75 1046
130 76 1056
130 77 1065
130 78 1065
130 79 1070
130 80 1074
130 81 1080
130 82 1085
130 83 1089
130 84 1089
130 85 1087
130 86 1080
130 87 1084
130 88 1082
130 89 1077
130 90 1071
130 91 1073
130 92 1068
130 93 1070
130 94 1066
130 95 1063
130 96 1053
130 97 1047
130 98 1046
130 99 1040
130 100 1033
130 101 1026
130 102 1019
130 103 1018
130 104 1018
130 105 1016
130 106 1012
130 107 1008
130 108 1006
130 109 999
130 110 999
130 111 998
130 112 986
130 113 980
130 114 975
130 115 975
130 116 967
130 117 960
130 118 958
130 119 950
130 120 945
130 121 937
130 122 926
130 123 928
130 124 922
130 125 915
130 126 906
130 127 899
130 128 892
130 129 884
130 130 882
130 131 873
130 132 867
130 133 862
130 134 856
130 135 853
130 136 846
130 137 839
130 138 836
130 139 832
130 140 825
130 141 813
130 142 805
130 143 800
130 144 794
130 145 792
130 146 787
130 147 779
130 148 767
130 149 764
130 150 762
140 50 856
140 51 872
140 52 888
140 53 898
140 54 918
140 55 935
140 56 950
140 57 949
140 58 953
140 59 973
140 60 997
140 61 1007
140 62 1017
140 63 1025
140 64 1030
140 65 1039
140 66 1057
140 67 1061
140 68 1066
140 69 1081
140 70 1091
140 71 1090
140 72 1097
140 73 1109
140 74 1116
140 75 1117
140 76 1118
140 77 1123
140 78 1127
140 79 1127
140 80 1124
140 81 1123
140 82 1127
140 83 1129
140 84 1138
140 85 1136
140 86 1129
140 87 1129
140 88 1128
140 89 1128
140 90 1127
140 91 1124
140 92 1127
140 93 1123
140 94 1121
140 95 1112
140 96 1098
140 97 1093
140 98 1090
140 99 1087
140 100 1087
140 101 1085
140 102 1074
140 103 1072
140 104 1071
140 105 1064
140 106 1059
140 107 1045
140 108 1048
140 109 1039
140 110 1032
140 111 1036
140 112 1024
140 113 1018
140 114 1018
140 115 1012
140 116 1012
140 117 1009
140 118 1001
140 119 998
140 120 989
140 121 980
140 122 975
140 123 970
140 124 960
140 125 959
140 126 951
140 127 945
140 128 936
140 129 931
140 130 920
140 131 910
140 132 906
140 133 897
140 134 896
140 135 887
140 136 877
140 137 874
140 138 859
140 139 856
140 140 849
140 141 851
140 142 838
140 143 830
140 144 819
140 145 810
140 146 801
140 147 798
140 148 796
140 149 789
140 150 782
150 50 659
150 51 682
150 52 695
150 53 714
150 54 727
150 55 739
150 56 756
150 57 769
150 58 786
150 59 794
150 60 808
150 61 822
150 62 828
150 63 842
150 64 857
150 65 860
150 66 880
150 67 890
150 68 897
150 69 910
150 70 924
150 71 934
150 72 946
150 73 956
150 74 968
150 75 977
150 76 982
150 77 985
150 78 997
150 79 996
150 80 1006
150 81 1017
150 82 1027
150 83 1045
150 84 1059
150 85 1071
150 86 1070
150 87 1075
150 88 1071
150 89 1075
150 90 1083
150 91 1087
150 92 1074
150 93 1075
150 94 1081
150 95 1082
150 96 1078
150 97 1069
150 98 1069
150 99 1069
150 100 1063
150 101 1063
150 102 1059
150 103 1055
150 104 1055
150 105 1050
150 106 1049
150 107 1051
150 108 1045
150 109 1041
150 110 1039
150 111 1029
150 112 1026
150 113 1018
150 114 1012
150 115 1005
150 116 1003
150 117 999
150 118 999
150 119 998
150 120 997
150 121 992
150 122 991
150 123 984
150 124 970
150 125 959
150 126 959
150 127 952
150 128 939
150 129 931
150 130 927
150 131 924
150 132 924
150 133 923
150 134 911
150 135 905
150 136 892
150 137 888
150 138 882
150 139 873
150 140 871
150 141 874
150 142 871
150 143 868
150 144 856
150 145 849
150 146 842
150 147 834
150 148 822
150 149 814
150 150 807
